<?xml version="1.0" encoding="UTF-8"?>
<!-- Generated by org.testng.reporters.JUnitReportReporter -->
<testsuite skipped="0" hostname="DLLA1426" name="com.qait.tdd.SampleProject.PasswordValidationTest" tests="3" failures="0" timestamp="20 Mar 2020 13:58:55 GMT" time="0.010" errors="0">
  <testcase name="checkMinimumLengthOfPassword" time="0.002" classname="com.qait.tdd.SampleProject.PasswordValidationTest"/>
  <testcase name="checkMaximumLengthOfPassword" time="0.006" classname="com.qait.tdd.SampleProject.PasswordValidationTest"/>
  <testcase name="checkPasswordIsNotnull" time="0.002" classname="com.qait.tdd.SampleProject.PasswordValidationTest"/>
</testsuite> <!-- com.qait.tdd.SampleProject.PasswordValidationTest -->
